This is XeTeX, Version 3.141592653-2.6-0.999994 (TeX Live 2022) (preloaded format=xelatex 2023.1.14)  21 JAN 2023 13:44
entering extended mode
 restricted \write18 enabled.
 file:line:error style messages enabled.
 %&-line parsing enabled.
**problems-xelatex
(./problems-xelatex.tex
LaTeX2e <2021-11-15> patch level 1
L3 programming layer <2022-02-24> (c:/texlive/2022/texmf-dist/tex/latex/base/article.cls
Document Class: article 2021/10/04 v1.4n Standard LaTeX document class
(c:/texlive/2022/texmf-dist/tex/latex/base/size11.clo
File: size11.clo 2021/10/04 v1.4n Standard LaTeX file (size option)
)
\c@part=\count181
\c@section=\count182
\c@subsection=\count183
\c@subsubsection=\count184
\c@paragraph=\count185
\c@subparagraph=\count186
\c@figure=\count187
\c@table=\count188
\abovecaptionskip=\skip47
\belowcaptionskip=\skip48
\bibindent=\dimen138
) (c:/texlive/2022/texmf-dist/tex/latex/base/inputenc.sty
Package: inputenc 2021/02/14 v1.3d Input encoding file
\inpenc@prehook=\toks16
\inpenc@posthook=\toks17


Package inputenc Warning: inputenc package ignored with utf8 based engines.

) (c:/texlive/2022/texmf-dist/tex/xelatex/xecjk/xeCJK.sty (c:/texlive/2022/texmf-dist/tex/latex/l3kernel/expl3.sty
Package: expl3 2022-02-24 L3 programming layer (loader) 
 (c:/texlive/2022/texmf-dist/tex/latex/l3backend/l3backend-xetex.def
File: l3backend-xetex.def 2022-02-07 L3 backend support: XeTeX
 (|extractbb --version)
\c__kernel_sys_dvipdfmx_version_int=\count189
\l__color_backend_stack_int=\count190
\g__color_backend_stack_int=\count191
\g__graphics_track_int=\count192
\l__pdf_internal_box=\box50
\g__pdf_backend_object_int=\count193
\g__pdf_backend_annotation_int=\count194
\g__pdf_backend_link_int=\count195
))
Package: xeCJK 2021/12/12 v3.8.8 Typesetting CJK scripts with XeLaTeX
 (c:/texlive/2022/texmf-dist/tex/latex/ctex/ctexhook.sty
Package: ctexhook 2021/12/12 v2.5.8 Document and package hooks (CTEX)
) (c:/texlive/2022/texmf-dist/tex/latex/l3packages/l3keys2e/l3keys2e.sty
Package: l3keys2e 2022-01-12 LaTeX2e option processing using LaTeX3 keys
) (c:/texlive/2022/texmf-dist/tex/latex/l3packages/xtemplate/xtemplate.sty
Package: xtemplate 2022-01-12 L3 Experimental prototype document functions
\l__xtemplate_tmp_dim=\dimen139
\l__xtemplate_tmp_int=\count196
\l__xtemplate_tmp_muskip=\muskip16
\l__xtemplate_tmp_skip=\skip49
) (c:/texlive/2022/texmf-dist/tex/latex/l3packages/xparse/xparse.sty
Package: xparse 2022-01-12 L3 Experimental document command parser
)
\l__xeCJK_tmp_int=\count197
\l__xeCJK_tmp_box=\box51
\l__xeCJK_tmp_dim=\dimen140
\l__xeCJK_tmp_skip=\skip50
\g__xeCJK_space_factor_int=\count198
\l__xeCJK_begin_int=\count199
\l__xeCJK_end_int=\count266
\c__xeCJK_CJK_class_int=\XeTeXcharclass1
\c__xeCJK_FullLeft_class_int=\XeTeXcharclass2
\c__xeCJK_FullRight_class_int=\XeTeXcharclass3
\c__xeCJK_HalfLeft_class_int=\XeTeXcharclass4
\c__xeCJK_HalfRight_class_int=\XeTeXcharclass5
\c__xeCJK_NormalSpace_class_int=\XeTeXcharclass6
\c__xeCJK_CM_class_int=\XeTeXcharclass7
\c__xeCJK_HangulJamo_class_int=\XeTeXcharclass8
\l__xeCJK_last_skip=\skip51
\g__xeCJK_node_int=\count267
\c__xeCJK_CJK_node_dim=\dimen141
\c__xeCJK_CJK-space_node_dim=\dimen142
\c__xeCJK_default_node_dim=\dimen143
\c__xeCJK_default-space_node_dim=\dimen144
\c__xeCJK_CJK-widow_node_dim=\dimen145
\c__xeCJK_normalspace_node_dim=\dimen146
\l__xeCJK_ccglue_skip=\skip52
\l__xeCJK_ecglue_skip=\skip53
\l__xeCJK_punct_kern_skip=\skip54
\l__xeCJK_last_penalty_int=\count268
\l__xeCJK_last_bound_dim=\dimen147
\l__xeCJK_last_kern_dim=\dimen148
\l__xeCJK_widow_penalty_int=\count269

Package xtemplate Info: Declaring object type 'xeCJK/punctuation' taking 0
(xtemplate)             argument(s) on line 2337.

\l__xeCJK_fixed_punct_width_dim=\dimen149
\l__xeCJK_mixed_punct_width_dim=\dimen150
\l__xeCJK_middle_punct_width_dim=\dimen151
\l__xeCJK_fixed_margin_width_dim=\dimen152
\l__xeCJK_mixed_margin_width_dim=\dimen153
\l__xeCJK_middle_margin_width_dim=\dimen154
\l__xeCJK_bound_punct_width_dim=\dimen155
\l__xeCJK_bound_margin_width_dim=\dimen156
\l__xeCJK_margin_minimum_dim=\dimen157
\l__xeCJK_kerning_total_width_dim=\dimen158
\l__xeCJK_same_align_margin_dim=\dimen159
\l__xeCJK_different_align_margin_dim=\dimen160
\l__xeCJK_kerning_margin_width_dim=\dimen161
\l__xeCJK_kerning_margin_minimum_dim=\dimen162
\l__xeCJK_bound_dim=\dimen163
\l__xeCJK_reverse_bound_dim=\dimen164
\l__xeCJK_margin_dim=\dimen165
\l__xeCJK_minimum_bound_dim=\dimen166
\l__xeCJK_kerning_margin_dim=\dimen167
\g__xeCJK_family_int=\count270
\l__xeCJK_fam_int=\count271
\g__xeCJK_fam_allocation_int=\count272
\l__xeCJK_verb_case_int=\count273
\l__xeCJK_verb_exspace_skip=\skip55
 (c:/texlive/2022/texmf-dist/tex/latex/fontspec/fontspec.sty
Package: fontspec 2022/01/15 v2.8a Font selection for XeLaTeX and LuaLaTeX
 (c:/texlive/2022/texmf-dist/tex/latex/fontspec/fontspec-xetex.sty
Package: fontspec-xetex 2022/01/15 v2.8a Font selection for XeLaTeX and LuaLaTeX
\l__fontspec_script_int=\count274
\l__fontspec_language_int=\count275
\l__fontspec_strnum_int=\count276
\l__fontspec_tmp_int=\count277
\l__fontspec_tmpa_int=\count278
\l__fontspec_tmpb_int=\count279
\l__fontspec_tmpc_int=\count280
\l__fontspec_em_int=\count281
\l__fontspec_emdef_int=\count282
\l__fontspec_strong_int=\count283
\l__fontspec_strongdef_int=\count284
\l__fontspec_tmpa_dim=\dimen168
\l__fontspec_tmpb_dim=\dimen169
\l__fontspec_tmpc_dim=\dimen170
 (c:/texlive/2022/texmf-dist/tex/latex/base/fontenc.sty
Package: fontenc 2021/04/29 v2.0v Standard LaTeX package
) (c:/texlive/2022/texmf-dist/tex/latex/fontspec/fontspec.cfg))) (c:/texlive/2022/texmf-dist/tex/xelatex/xecjk/xeCJK.cfg
File: xeCJK.cfg 2021/12/12 v3.8.8 Configuration file for xeCJK package
)) (c:/texlive/2022/texmf-dist/tex/generic/babel/babel.sty
Package: babel 2022/02/26 3.73 The Babel package
\babel@savecnt=\count285
\U@D=\dimen171
\l@unhyphenated=\language87
 (c:/texlive/2022/texmf-dist/tex/generic/babel/xebabel.def (c:/texlive/2022/texmf-dist/tex/generic/babel/txtbabel.def))
\bbl@readstream=\read2
\bbl@dirlevel=\count286
 (c:/texlive/2022/texmf-dist/tex/generic/babel-english/english.ldf
Language: english 2017/06/06 v3.3r English support from the babel system
Package babel Info: Hyphen rules for 'canadian' set to \l@english
(babel)             (\language0). Reported on input line 102.
Package babel Info: Hyphen rules for 'australian' set to \l@ukenglish
(babel)             (\language21). Reported on input line 105.
Package babel Info: Hyphen rules for 'newzealand' set to \l@ukenglish
(babel)             (\language21). Reported on input line 108.
)) (./olymp.sty
Package: olymp 
\thelinewidth=\skip56
\exmpwidinf=\skip57
\exmpwidouf=\skip58
\exmpwidewid=\skip59
\afterproblemhead=\skip60
\afterconstraints=\skip61
Invalid UTF-8 byte or sequence at line 149 replaced by U+FFFD.
Invalid UTF-8 byte or sequence at line 149 replaced by U+FFFD.
Invalid UTF-8 byte or sequence at line 149 replaced by U+FFFD.
Invalid UTF-8 byte or sequence at line 149 replaced by U+FFFD.
Invalid UTF-8 byte or sequence at line 149 replaced by U+FFFD.
Invalid UTF-8 byte or sequence at line 149 replaced by U+FFFD.
Invalid UTF-8 byte or sequence at line 150 replaced by U+FFFD.
Invalid UTF-8 byte or sequence at line 150 replaced by U+FFFD.
Invalid UTF-8 byte or sequence at line 150 replaced by U+FFFD.
Invalid UTF-8 byte or sequence at line 150 replaced by U+FFFD.
Invalid UTF-8 byte or sequence at line 150 replaced by U+FFFD.
Invalid UTF-8 byte or sequence at line 150 replaced by U+FFFD.
Invalid UTF-8 byte or sequence at line 150 replaced by U+FFFD.
Invalid UTF-8 byte or sequence at line 150 replaced by U+FFFD.
Invalid UTF-8 byte or sequence at line 150 replaced by U+FFFD.
Invalid UTF-8 byte or sequence at line 150 replaced by U+FFFD.
Invalid UTF-8 byte or sequence at line 150 replaced by U+FFFD.
Invalid UTF-8 byte or sequence at line 150 replaced by U+FFFD.
Invalid UTF-8 byte or sequence at line 150 replaced by U+FFFD.
Invalid UTF-8 byte or sequence at line 150 replaced by U+FFFD.
Invalid UTF-8 byte or sequence at line 150 replaced by U+FFFD.
Invalid UTF-8 byte or sequence at line 150 replaced by U+FFFD.
Invalid UTF-8 byte or sequence at line 151 replaced by U+FFFD.
Invalid UTF-8 byte or sequence at line 151 replaced by U+FFFD.
Invalid UTF-8 byte or sequence at line 151 replaced by U+FFFD.
Invalid UTF-8 byte or sequence at line 151 replaced by U+FFFD.
Invalid UTF-8 byte or sequence at line 151 replaced by U+FFFD.
Invalid UTF-8 byte or sequence at line 151 replaced by U+FFFD.
Invalid UTF-8 byte or sequence at line 151 replaced by U+FFFD.
Invalid UTF-8 byte or sequence at line 151 replaced by U+FFFD.
Invalid UTF-8 byte or sequence at line 151 replaced by U+FFFD.
Invalid UTF-8 byte or sequence at line 151 replaced by U+FFFD.
Invalid UTF-8 byte or sequence at line 151 replaced by U+FFFD.
Invalid UTF-8 byte or sequence at line 151 replaced by U+FFFD.
Invalid UTF-8 byte or sequence at line 151 replaced by U+FFFD.
Invalid UTF-8 byte or sequence at line 151 replaced by U+FFFD.
Invalid UTF-8 byte or sequence at line 151 replaced by U+FFFD.
Invalid UTF-8 byte or sequence at line 151 replaced by U+FFFD.
Invalid UTF-8 byte or sequence at line 151 replaced by U+FFFD.
Invalid UTF-8 byte or sequence at line 152 replaced by U+FFFD.
Invalid UTF-8 byte or sequence at line 152 replaced by U+FFFD.
Invalid UTF-8 byte or sequence at line 152 replaced by U+FFFD.
Invalid UTF-8 byte or sequence at line 152 replaced by U+FFFD.
Invalid UTF-8 byte or sequence at line 152 replaced by U+FFFD.
Invalid UTF-8 byte or sequence at line 152 replaced by U+FFFD.
Invalid UTF-8 byte or sequence at line 152 replaced by U+FFFD.
Invalid UTF-8 byte or sequence at line 152 replaced by U+FFFD.
Invalid UTF-8 byte or sequence at line 152 replaced by U+FFFD.
Invalid UTF-8 byte or sequence at line 152 replaced by U+FFFD.
Invalid UTF-8 byte or sequence at line 152 replaced by U+FFFD.
Invalid UTF-8 byte or sequence at line 152 replaced by U+FFFD.
Invalid UTF-8 byte or sequence at line 152 replaced by U+FFFD.
Invalid UTF-8 byte or sequence at line 152 replaced by U+FFFD.
Invalid UTF-8 byte or sequence at line 152 replaced by U+FFFD.
Invalid UTF-8 byte or sequence at line 152 replaced by U+FFFD.
Invalid UTF-8 byte or sequence at line 152 replaced by U+FFFD.
Invalid UTF-8 byte or sequence at line 152 replaced by U+FFFD.
Invalid UTF-8 byte or sequence at line 152 replaced by U+FFFD.
Invalid UTF-8 byte or sequence at line 152 replaced by U+FFFD.
Invalid UTF-8 byte or sequence at line 153 replaced by U+FFFD.
Invalid UTF-8 byte or sequence at line 153 replaced by U+FFFD.
Invalid UTF-8 byte or sequence at line 153 replaced by U+FFFD.
Invalid UTF-8 byte or sequence at line 153 replaced by U+FFFD.
Invalid UTF-8 byte or sequence at line 153 replaced by U+FFFD.
Invalid UTF-8 byte or sequence at line 153 replaced by U+FFFD.
Invalid UTF-8 byte or sequence at line 153 replaced by U+FFFD.
Invalid UTF-8 byte or sequence at line 153 replaced by U+FFFD.
Invalid UTF-8 byte or sequence at line 153 replaced by U+FFFD.
Invalid UTF-8 byte or sequence at line 153 replaced by U+FFFD.
Invalid UTF-8 byte or sequence at line 153 replaced by U+FFFD.
Invalid UTF-8 byte or sequence at line 153 replaced by U+FFFD.
Invalid UTF-8 byte or sequence at line 153 replaced by U+FFFD.
Invalid UTF-8 byte or sequence at line 153 replaced by U+FFFD.
Invalid UTF-8 byte or sequence at line 153 replaced by U+FFFD.
Invalid UTF-8 byte or sequence at line 153 replaced by U+FFFD.
Invalid UTF-8 byte or sequence at line 153 replaced by U+FFFD.
Invalid UTF-8 byte or sequence at line 153 replaced by U+FFFD.
Invalid UTF-8 byte or sequence at line 153 replaced by U+FFFD.
Invalid UTF-8 byte or sequence at line 154 replaced by U+FFFD.
Invalid UTF-8 byte or sequence at line 154 replaced by U+FFFD.
Invalid UTF-8 byte or sequence at line 154 replaced by U+FFFD.
Invalid UTF-8 byte or sequence at line 154 replaced by U+FFFD.
Invalid UTF-8 byte or sequence at line 154 replaced by U+FFFD.
Invalid UTF-8 byte or sequence at line 154 replaced by U+FFFD.
Invalid UTF-8 byte or sequence at line 154 replaced by U+FFFD.
Invalid UTF-8 byte or sequence at line 154 replaced by U+FFFD.
Invalid UTF-8 byte or sequence at line 154 replaced by U+FFFD.
Invalid UTF-8 byte or sequence at line 154 replaced by U+FFFD.
Invalid UTF-8 byte or sequence at line 154 replaced by U+FFFD.
Invalid UTF-8 byte or sequence at line 154 replaced by U+FFFD.
Invalid UTF-8 byte or sequence at line 154 replaced by U+FFFD.
Invalid UTF-8 byte or sequence at line 154 replaced by U+FFFD.
Invalid UTF-8 byte or sequence at line 154 replaced by U+FFFD.
Invalid UTF-8 byte or sequence at line 154 replaced by U+FFFD.
Invalid UTF-8 byte or sequence at line 154 replaced by U+FFFD.
Invalid UTF-8 byte or sequence at line 154 replaced by U+FFFD.
Invalid UTF-8 byte or sequence at line 154 replaced by U+FFFD.
Invalid UTF-8 byte or sequence at line 154 replaced by U+FFFD.
Invalid UTF-8 byte or sequence at line 154 replaced by U+FFFD.
Invalid UTF-8 byte or sequence at line 155 replaced by U+FFFD.
Invalid UTF-8 byte or sequence at line 155 replaced by U+FFFD.
Invalid UTF-8 byte or sequence at line 155 replaced by U+FFFD.
Invalid UTF-8 byte or sequence at line 155 replaced by U+FFFD.
Invalid UTF-8 byte or sequence at line 155 replaced by U+FFFD.
Invalid UTF-8 byte or sequence at line 155 replaced by U+FFFD.
Invalid UTF-8 byte or sequence at line 155 replaced by U+FFFD.
Invalid UTF-8 byte or sequence at line 155 replaced by U+FFFD.
Invalid UTF-8 byte or sequence at line 155 replaced by U+FFFD.
Invalid UTF-8 byte or sequence at line 155 replaced by U+FFFD.
Invalid UTF-8 byte or sequence at line 155 replaced by U+FFFD.
Invalid UTF-8 byte or sequence at line 155 replaced by U+FFFD.
Invalid UTF-8 byte or sequence at line 155 replaced by U+FFFD.
Invalid UTF-8 byte or sequence at line 155 replaced by U+FFFD.
Invalid UTF-8 byte or sequence at line 155 replaced by U+FFFD.
Invalid UTF-8 byte or sequence at line 155 replaced by U+FFFD.
Invalid UTF-8 byte or sequence at line 155 replaced by U+FFFD.
Invalid UTF-8 byte or sequence at line 155 replaced by U+FFFD.
Invalid UTF-8 byte or sequence at line 155 replaced by U+FFFD.
Invalid UTF-8 byte or sequence at line 155 replaced by U+FFFD.
Invalid UTF-8 byte or sequence at line 155 replaced by U+FFFD.
Invalid UTF-8 byte or sequence at line 155 replaced by U+FFFD.
Invalid UTF-8 byte or sequence at line 156 replaced by U+FFFD.
Invalid UTF-8 byte or sequence at line 156 replaced by U+FFFD.
Invalid UTF-8 byte or sequence at line 156 replaced by U+FFFD.
Invalid UTF-8 byte or sequence at line 156 replaced by U+FFFD.
Invalid UTF-8 byte or sequence at line 156 replaced by U+FFFD.
Invalid UTF-8 byte or sequence at line 156 replaced by U+FFFD.
Invalid UTF-8 byte or sequence at line 156 replaced by U+FFFD.
Invalid UTF-8 byte or sequence at line 156 replaced by U+FFFD.
Invalid UTF-8 byte or sequence at line 156 replaced by U+FFFD.
Invalid UTF-8 byte or sequence at line 156 replaced by U+FFFD.
Invalid UTF-8 byte or sequence at line 156 replaced by U+FFFD.
Invalid UTF-8 byte or sequence at line 156 replaced by U+FFFD.
Invalid UTF-8 byte or sequence at line 156 replaced by U+FFFD.
Invalid UTF-8 byte or sequence at line 156 replaced by U+FFFD.
Invalid UTF-8 byte or sequence at line 156 replaced by U+FFFD.
Invalid UTF-8 byte or sequence at line 156 replaced by U+FFFD.
Invalid UTF-8 byte or sequence at line 156 replaced by U+FFFD.
Invalid UTF-8 byte or sequence at line 156 replaced by U+FFFD.
Invalid UTF-8 byte or sequence at line 156 replaced by U+FFFD.
Invalid UTF-8 byte or sequence at line 157 replaced by U+FFFD.
Invalid UTF-8 byte or sequence at line 157 replaced by U+FFFD.
Invalid UTF-8 byte or sequence at line 157 replaced by U+FFFD.
Invalid UTF-8 byte or sequence at line 157 replaced by U+FFFD.
Invalid UTF-8 byte or sequence at line 157 replaced by U+FFFD.
Invalid UTF-8 byte or sequence at line 157 replaced by U+FFFD.
Invalid UTF-8 byte or sequence at line 157 replaced by U+FFFD.
Invalid UTF-8 byte or sequence at line 157 replaced by U+FFFD.
Invalid UTF-8 byte or sequence at line 157 replaced by U+FFFD.
Invalid UTF-8 byte or sequence at line 157 replaced by U+FFFD.
Invalid UTF-8 byte or sequence at line 157 replaced by U+FFFD.
Invalid UTF-8 byte or sequence at line 157 replaced by U+FFFD.
Invalid UTF-8 byte or sequence at line 157 replaced by U+FFFD.
Invalid UTF-8 byte or sequence at line 157 replaced by U+FFFD.
Invalid UTF-8 byte or sequence at line 157 replaced by U+FFFD.
Invalid UTF-8 byte or sequence at line 157 replaced by U+FFFD.
Invalid UTF-8 byte or sequence at line 157 replaced by U+FFFD.
Invalid UTF-8 byte or sequence at line 157 replaced by U+FFFD.
Invalid UTF-8 byte or sequence at line 157 replaced by U+FFFD.
Invalid UTF-8 byte or sequence at line 157 replaced by U+FFFD.
Invalid UTF-8 byte or sequence at line 158 replaced by U+FFFD.
Invalid UTF-8 byte or sequence at line 158 replaced by U+FFFD.
Invalid UTF-8 byte or sequence at line 158 replaced by U+FFFD.
Invalid UTF-8 byte or sequence at line 158 replaced by U+FFFD.
Invalid UTF-8 byte or sequence at line 158 replaced by U+FFFD.
Invalid UTF-8 byte or sequence at line 158 replaced by U+FFFD.
Invalid UTF-8 byte or sequence at line 159 replaced by U+FFFD.
Invalid UTF-8 byte or sequence at line 159 replaced by U+FFFD.
Invalid UTF-8 byte or sequence at line 159 replaced by U+FFFD.
Invalid UTF-8 byte or sequence at line 159 replaced by U+FFFD.
Invalid UTF-8 byte or sequence at line 159 replaced by U+FFFD.
Invalid UTF-8 byte or sequence at line 159 replaced by U+FFFD.
Invalid UTF-8 byte or sequence at line 159 replaced by U+FFFD.
Invalid UTF-8 byte or sequence at line 160 replaced by U+FFFD.
Invalid UTF-8 byte or sequence at line 160 replaced by U+FFFD.
Invalid UTF-8 byte or sequence at line 160 replaced by U+FFFD.
Invalid UTF-8 byte or sequence at line 160 replaced by U+FFFD.
Invalid UTF-8 byte or sequence at line 160 replaced by U+FFFD.
Invalid UTF-8 byte or sequence at line 160 replaced by U+FFFD.
Invalid UTF-8 byte or sequence at line 160 replaced by U+FFFD.
Invalid UTF-8 byte or sequence at line 160 replaced by U+FFFD.
Invalid UTF-8 byte or sequence at line 161 replaced by U+FFFD.
Invalid UTF-8 byte or sequence at line 161 replaced by U+FFFD.
Invalid UTF-8 byte or sequence at line 207 replaced by U+FFFD.
Invalid UTF-8 byte or sequence at line 207 replaced by U+FFFD.
Invalid UTF-8 byte or sequence at line 207 replaced by U+FFFD.
Invalid UTF-8 byte or sequence at line 207 replaced by U+FFFD.
Invalid UTF-8 byte or sequence at line 207 replaced by U+FFFD.
Invalid UTF-8 byte or sequence at line 207 replaced by U+FFFD.
Invalid UTF-8 byte or sequence at line 207 replaced by U+FFFD.
Invalid UTF-8 byte or sequence at line 207 replaced by U+FFFD.
Invalid UTF-8 byte or sequence at line 207 replaced by U+FFFD.
\c@problem=\count287
) (c:/texlive/2022/texmf-dist/tex/latex/amsmath/amsmath.sty
Package: amsmath 2021/10/15 v2.17l AMS math features
\@mathmargin=\skip62

For additional information on amsmath, use the `?' option.
(c:/texlive/2022/texmf-dist/tex/latex/amsmath/amstext.sty
Package: amstext 2021/08/26 v2.01 AMS text
 (c:/texlive/2022/texmf-dist/tex/latex/amsmath/amsgen.sty
File: amsgen.sty 1999/11/30 v2.0 generic functions
\@emptytoks=\toks18
\ex@=\dimen172
)) (c:/texlive/2022/texmf-dist/tex/latex/amsmath/amsbsy.sty
Package: amsbsy 1999/11/29 v1.2d Bold Symbols
\pmbraise@=\dimen173
) (c:/texlive/2022/texmf-dist/tex/latex/amsmath/amsopn.sty
Package: amsopn 2021/08/26 v2.02 operator names
)
\inf@bad=\count288
LaTeX Info: Redefining \frac on input line 234.
\uproot@=\count289
\leftroot@=\count290
LaTeX Info: Redefining \overline on input line 399.
\classnum@=\count291
\DOTSCASE@=\count292
LaTeX Info: Redefining \ldots on input line 496.
LaTeX Info: Redefining \dots on input line 499.
LaTeX Info: Redefining \cdots on input line 620.
\Mathstrutbox@=\box52
\strutbox@=\box53
\big@size=\dimen174
LaTeX Font Info:    Redeclaring font encoding OML on input line 743.
LaTeX Font Info:    Redeclaring font encoding OMS on input line 744.
\macc@depth=\count293
\c@MaxMatrixCols=\count294
\dotsspace@=\muskip17
\c@parentequation=\count295
\dspbrk@lvl=\count296
\tag@help=\toks19
\row@=\count297
\column@=\count298
\maxfields@=\count299
\andhelp@=\toks20
\eqnshift@=\dimen175
\alignsep@=\dimen176
\tagshift@=\dimen177
\tagwidth@=\dimen178
\totwidth@=\dimen179
\lineht@=\dimen180
\@envbody=\toks21
\multlinegap=\skip63
\multlinetaggap=\skip64
\mathdisplay@stack=\toks22
LaTeX Info: Redefining \[ on input line 2938.
LaTeX Info: Redefining \] on input line 2939.
) (c:/texlive/2022/texmf-dist/tex/latex/graphics/graphicx.sty
Package: graphicx 2021/09/16 v1.2d Enhanced LaTeX Graphics (DPC,SPQR)
 (c:/texlive/2022/texmf-dist/tex/latex/graphics/keyval.sty
Package: keyval 2014/10/28 v1.15 key=value parser (DPC)
\KV@toks@=\toks23
) (c:/texlive/2022/texmf-dist/tex/latex/graphics/graphics.sty
Package: graphics 2021/03/04 v1.4d Standard LaTeX Graphics (DPC,SPQR)
 (c:/texlive/2022/texmf-dist/tex/latex/graphics/trig.sty
Package: trig 2021/08/11 v1.11 sin cos tan (DPC)
) (c:/texlive/2022/texmf-dist/tex/latex/graphics-cfg/graphics.cfg
File: graphics.cfg 2016/06/04 v1.11 sample graphics configuration
)
Package graphics Info: Driver file: xetex.def on input line 107.
 (c:/texlive/2022/texmf-dist/tex/latex/graphics-def/xetex.def
File: xetex.def 2021/03/18 v5.0k Graphics/color driver for xetex
))
\Gin@req@height=\dimen181
\Gin@req@width=\dimen182
) (c:/texlive/2022/texmf-dist/tex/latex/epigraph/epigraph.sty
Package: epigraph 2020/01/02 v1.5e typesetting epigraphs
 (c:/texlive/2022/texmf-dist/tex/latex/nextpage/nextpage.sty
Package: nextpage 2009/09/03 v1.1a additional page commands
)
\beforeepigraphskip=\skip65
\afterepigraphskip=\skip66
\epigraphwidth=\skip67
\epigraphrule=\skip68
) (./bnf.sty
Backus-Naur Form style option for LaTeX, (c) Mike Piff, 09 Feb 1993 15:16:48 BST
) (c:/texlive/2022/texmf-dist/tex/latex/enumitem/enumitem.sty
Package: enumitem 2019/06/20 v3.9 Customized lists
\labelindent=\skip69
\enit@outerparindent=\dimen183
\enit@toks=\toks24
\enit@inbox=\box54
\enit@count@id=\count300
\enitdp@description=\count301
) (c:/texlive/2022/texmf-dist/tex/latex/caption/subcaption.sty
Package: subcaption 2022/01/07 v1.5 Sub-captions (AR)
 (c:/texlive/2022/texmf-dist/tex/latex/caption/caption.sty
Package: caption 2022/03/01 v3.6b Customizing captions (AR)
 (c:/texlive/2022/texmf-dist/tex/latex/caption/caption3.sty
Package: caption3 2022/03/17 v2.3b caption3 kernel (AR)
\caption@tempdima=\dimen184
\captionmargin=\dimen185
\caption@leftmargin=\dimen186
\caption@rightmargin=\dimen187
\caption@width=\dimen188
\caption@indent=\dimen189
\caption@parindent=\dimen190
\caption@hangindent=\dimen191
Package caption Info: Standard document class detected.
)
\c@caption@flags=\count302
\c@continuedfloat=\count303
)
\c@subfigure=\count304
\c@subtable=\count305
) (c:/texlive/2022/texmf-dist/tex/latex/listings/listings.sty
\lst@mode=\count306
\lst@gtempboxa=\box55
\lst@token=\toks25
\lst@length=\count307
\lst@currlwidth=\dimen192
\lst@column=\count308
\lst@pos=\count309
\lst@lostspace=\dimen193
\lst@width=\dimen194
\lst@newlines=\count310
\lst@lineno=\count311
\lst@maxwidth=\dimen195
 (c:/texlive/2022/texmf-dist/tex/latex/listings/lstmisc.sty
File: lstmisc.sty 2020/03/24 1.8d (Carsten Heinz)
\c@lstnumber=\count312
\lst@skipnumbers=\count313
\lst@framebox=\box56
) (c:/texlive/2022/texmf-dist/tex/latex/listings/listings.cfg
File: listings.cfg 2020/03/24 1.8d listings configuration
))
Package: listings 2020/03/24 1.8d (Carsten Heinz)
 (c:/texlive/2022/texmf-dist/tex/xelatex/xecjk/xeCJK-listings.sty
Package: xeCJK-listings 2021/12/12 v3.8.8 xeCJK patch file for listings
\l__xeCJK_listings_max_char_int=\count314
\l__xeCJK_listings_flag_int=\count315
) (c:/texlive/2022/texmf-dist/tex/latex/ctex/ctex.sty
Package: ctex 2021/12/12 v2.5.8 Chinese adapter in LaTeX (CTEX)
 (c:/texlive/2022/texmf-dist/tex/latex/ctex/ctexpatch.sty
Package: ctexpatch 2021/12/12 v2.5.8 Patching commands (CTEX)
) (c:/texlive/2022/texmf-dist/tex/latex/base/fix-cm.sty
Package: fix-cm 2020/11/24 v1.1t fixes to LaTeX
 (c:/texlive/2022/texmf-dist/tex/latex/base/ts1enc.def
File: ts1enc.def 2001/06/05 v3.0e (jk/car/fm) Standard LaTeX file
LaTeX Font Info:    Redeclaring font encoding TS1 on input line 47.
))
\l__ctex_tmp_int=\count316
\l__ctex_tmp_box=\box57
\l__ctex_tmp_dim=\dimen196
\g__ctex_section_depth_int=\count317
\g__ctex_font_size_int=\count318
 (c:/texlive/2022/texmf-dist/tex/latex/ctex/config/ctexopts.cfg
File: ctexopts.cfg 2021/12/12 v2.5.8 Option configuration file (CTEX)
) (c:/texlive/2022/texmf-dist/tex/latex/ctex/engine/ctex-engine-xetex.def
File: ctex-engine-xetex.def 2021/12/12 v2.5.8 XeLaTeX adapter (CTEX)
\ccwd=\dimen197
\l__ctex_ccglue_skip=\skip70
)
\l__ctex_ziju_dim=\dimen198
 (c:/texlive/2022/texmf-dist/tex/latex/zhnumber/zhnumber.sty
Package: zhnumber 2020/05/01 v2.8 Typesetting numbers with Chinese glyphs
\l__zhnum_scale_int=\count319
 (c:/texlive/2022/texmf-dist/tex/latex/zhnumber/zhnumber-utf8.cfg
File: zhnumber-utf8.cfg 2020/05/01 v2.8 Chinese numerals with UTF8 encoding
)) (c:/texlive/2022/texmf-dist/tex/latex/ctex/scheme/ctex-scheme-chinese.def
File: ctex-scheme-chinese.def 2021/12/12 v2.5.8 Chinese scheme for generic (CTEX)
 (c:/texlive/2022/texmf-dist/tex/latex/ctex/config/ctex-name-utf8.cfg
File: ctex-name-utf8.cfg 2021/12/12 v2.5.8 Caption with encoding UTF-8 (CTEX)
)) (c:/texlive/2022/texmf-dist/tex/latex/tools/indentfirst.sty
Package: indentfirst 1995/11/23 v1.03 Indent first paragraph (DPC)
) (c:/texlive/2022/texmf-dist/tex/latex/ctex/fontset/ctex-fontset-windows.def
File: ctex-fontset-windows.def 2021/12/12 v2.5.8 Windows fonts definition (CTEX)

Package fontspec Info: Could not resolve font "KaiTi/B" (it probably doesn't
(fontspec)             exist).


Package fontspec Info: Could not resolve font "SimHei/I" (it probably doesn't
(fontspec)             exist).


Package fontspec Info: Could not resolve font "SimSun/BI" (it probably doesn't
(fontspec)             exist).


Package fontspec Info: Font family 'SimSun(0)' created for font 'SimSun' with
(fontspec)             options
(fontspec)             [Script={CJK},BoldFont={SimHei},ItalicFont={KaiTi}].
(fontspec)              
(fontspec)              This font family consists of the following NFSS
(fontspec)             series/shapes:
(fontspec)              
(fontspec)             - 'normal' (m/n) with NFSS spec.:
(fontspec)             <->"SimSun/OT:script=hani;language=dflt;"
(fontspec)             - 'small caps'  (m/sc) with NFSS spec.: 
(fontspec)             - 'bold' (b/n) with NFSS spec.:
(fontspec)             <->"SimHei/OT:script=hani;language=dflt;"
(fontspec)             - 'bold small caps'  (b/sc) with NFSS spec.: 
(fontspec)             - 'italic' (m/it) with NFSS spec.:
(fontspec)             <->"KaiTi/OT:script=hani;language=dflt;"
(fontspec)             - 'italic small caps'  (m/scit) with NFSS spec.: 

)) (c:/texlive/2022/texmf-dist/tex/latex/ctex/config/ctex.cfg
File: ctex.cfg 2021/12/12 v2.5.8 Configuration file (CTEX)
) (c:/texlive/2022/texmf-dist/tex/generic/ulem/ulem.sty
\UL@box=\box58
\UL@hyphenbox=\box59
\UL@skip=\skip71
\UL@hook=\toks26
\UL@height=\dimen199
\UL@pe=\count320
\UL@pixel=\dimen256
\ULC@box=\box60
Package: ulem 2019/11/18
\ULdepth=\dimen257
) (c:/texlive/2022/texmf-dist/tex/latex/xcolor/xcolor.sty
Package: xcolor 2021/10/31 v2.13 LaTeX color extensions (UK)
 (c:/texlive/2022/texmf-dist/tex/latex/graphics-cfg/color.cfg
File: color.cfg 2016/01/02 v1.6 sample color configuration
)
Package xcolor Info: Driver file: xetex.def on input line 227.
Package xcolor Info: Model `cmy' substituted by `cmy0' on input line 1352.
Package xcolor Info: Model `RGB' extended on input line 1368.
Package xcolor Info: Model `HTML' substituted by `rgb' on input line 1370.
Package xcolor Info: Model `Hsb' substituted by `hsb' on input line 1371.
Package xcolor Info: Model `tHsb' substituted by `hsb' on input line 1372.
Package xcolor Info: Model `HSB' substituted by `hsb' on input line 1373.
Package xcolor Info: Model `Gray' substituted by `gray' on input line 1374.
Package xcolor Info: Model `wave' substituted by `hsb' on input line 1375.
) (c:/texlive/2022/texmf-dist/tex/latex/float/float.sty
Package: float 2001/11/08 v1.3d Float enhancements (AL)
\c@float@type=\count321
\float@exts=\toks27
\float@box=\box61
\@float@everytoks=\toks28
\@floatcapt=\box62
)

Package fontspec Info: Font family 'Consolas(0)' created for font 'Consolas'
(fontspec)             with options [].
(fontspec)              
(fontspec)              This font family consists of the following NFSS
(fontspec)             series/shapes:
(fontspec)              
(fontspec)             - 'normal' (m/n) with NFSS spec.:
(fontspec)             <->"Consolas/OT:script=latn;language=dflt;"
(fontspec)             - 'small caps'  (m/sc) with NFSS spec.: 
(fontspec)             - 'bold' (b/n) with NFSS spec.:
(fontspec)             <->"Consolas/B/OT:script=latn;language=dflt;"
(fontspec)             - 'bold small caps'  (b/sc) with NFSS spec.: 
(fontspec)             - 'italic' (m/it) with NFSS spec.:
(fontspec)             <->"Consolas/I/OT:script=latn;language=dflt;"
(fontspec)             - 'italic small caps'  (m/scit) with NFSS spec.: 
(fontspec)             - 'bold italic' (b/it) with NFSS spec.:
(fontspec)             <->"Consolas/BI/OT:script=latn;language=dflt;"
(fontspec)             - 'bold italic small caps'  (b/scit) with NFSS spec.: 


No file problems-xelatex.aux.
\openout1 = `problems-xelatex.aux'.

LaTeX Font Info:    Checking defaults for OML/cmm/m/it on input line 30.
LaTeX Font Info:    ... okay on input line 30.
LaTeX Font Info:    Checking defaults for OMS/cmsy/m/n on input line 30.
LaTeX Font Info:    ... okay on input line 30.
LaTeX Font Info:    Checking defaults for OT1/cmr/m/n on input line 30.
LaTeX Font Info:    ... okay on input line 30.
LaTeX Font Info:    Checking defaults for T1/cmr/m/n on input line 30.
LaTeX Font Info:    ... okay on input line 30.
LaTeX Font Info:    Checking defaults for TS1/cmr/m/n on input line 30.
LaTeX Font Info:    ... okay on input line 30.
LaTeX Font Info:    Checking defaults for TU/lmr/m/n on input line 30.
LaTeX Font Info:    ... okay on input line 30.
LaTeX Font Info:    Checking defaults for OMX/cmex/m/n on input line 30.
LaTeX Font Info:    ... okay on input line 30.
LaTeX Font Info:    Checking defaults for U/cmr/m/n on input line 30.
LaTeX Font Info:    ... okay on input line 30.

Package fontspec Info: Adjusting the maths setup (use [no-math] to avoid
(fontspec)             this).

\symlegacymaths=\mathgroup4
LaTeX Font Info:    Overwriting symbol font `legacymaths' in version `bold'
(Font)                  OT1/cmr/m/n --> OT1/cmr/bx/n on input line 30.
LaTeX Font Info:    Redeclaring math accent \acute on input line 30.
LaTeX Font Info:    Redeclaring math accent \grave on input line 30.
LaTeX Font Info:    Redeclaring math accent \ddot on input line 30.
LaTeX Font Info:    Redeclaring math accent \tilde on input line 30.
LaTeX Font Info:    Redeclaring math accent \bar on input line 30.
LaTeX Font Info:    Redeclaring math accent \breve on input line 30.
LaTeX Font Info:    Redeclaring math accent \check on input line 30.
LaTeX Font Info:    Redeclaring math accent \hat on input line 30.
LaTeX Font Info:    Redeclaring math accent \dot on input line 30.
LaTeX Font Info:    Redeclaring math accent \mathring on input line 30.
LaTeX Font Info:    Redeclaring math symbol \Gamma on input line 30.
LaTeX Font Info:    Redeclaring math symbol \Delta on input line 30.
LaTeX Font Info:    Redeclaring math symbol \Theta on input line 30.
LaTeX Font Info:    Redeclaring math symbol \Lambda on input line 30.
LaTeX Font Info:    Redeclaring math symbol \Xi on input line 30.
LaTeX Font Info:    Redeclaring math symbol \Pi on input line 30.
LaTeX Font Info:    Redeclaring math symbol \Sigma on input line 30.
LaTeX Font Info:    Redeclaring math symbol \Upsilon on input line 30.
LaTeX Font Info:    Redeclaring math symbol \Phi on input line 30.
LaTeX Font Info:    Redeclaring math symbol \Psi on input line 30.
LaTeX Font Info:    Redeclaring math symbol \Omega on input line 30.
LaTeX Font Info:    Redeclaring math symbol \mathdollar on input line 30.
LaTeX Font Info:    Redeclaring symbol font `operators' on input line 30.
LaTeX Font Info:    Encoding `OT1' has changed to `TU' for symbol font
(Font)              `operators' in the math version `normal' on input line 30.
LaTeX Font Info:    Overwriting symbol font `operators' in version `normal'
(Font)                  OT1/cmr/m/n --> TU/lmr/m/n on input line 30.
LaTeX Font Info:    Encoding `OT1' has changed to `TU' for symbol font
(Font)              `operators' in the math version `bold' on input line 30.
LaTeX Font Info:    Overwriting symbol font `operators' in version `bold'
(Font)                  OT1/cmr/bx/n --> TU/lmr/m/n on input line 30.
LaTeX Font Info:    Overwriting symbol font `operators' in version `normal'
(Font)                  TU/lmr/m/n --> TU/lmr/m/n on input line 30.
LaTeX Font Info:    Overwriting math alphabet `\mathit' in version `normal'
(Font)                  OT1/cmr/m/it --> TU/lmr/m/it on input line 30.
LaTeX Font Info:    Overwriting math alphabet `\mathbf' in version `normal'
(Font)                  OT1/cmr/bx/n --> TU/lmr/b/n on input line 30.
LaTeX Font Info:    Overwriting math alphabet `\mathsf' in version `normal'
(Font)                  OT1/cmss/m/n --> TU/lmss/m/n on input line 30.
LaTeX Font Info:    Overwriting math alphabet `\mathtt' in version `normal'
(Font)                  OT1/cmtt/m/n --> TU/lmtt/m/n on input line 30.
LaTeX Font Info:    Overwriting symbol font `operators' in version `bold'
(Font)                  TU/lmr/m/n --> TU/lmr/b/n on input line 30.
LaTeX Font Info:    Overwriting math alphabet `\mathit' in version `bold'
(Font)                  OT1/cmr/bx/it --> TU/lmr/b/it on input line 30.
LaTeX Font Info:    Overwriting math alphabet `\mathsf' in version `bold'
(Font)                  OT1/cmss/bx/n --> TU/lmss/b/n on input line 30.
LaTeX Font Info:    Overwriting math alphabet `\mathtt' in version `bold'
(Font)                  OT1/cmtt/m/n --> TU/lmtt/b/n on input line 30.
Package caption Info: Begin \AtBeginDocument code.
Package caption Info: float package is loaded.
Package caption Info: listings package is loaded.
Package caption Info: End \AtBeginDocument code.
\c@lstlisting=\count322
[1

]

Package fontspec Info: Could not resolve font "Microsoft YaHei Bold/I" (it
(fontspec)             probably doesn't exist).


Package fontspec Info: Could not resolve font "Microsoft YaHei/I" (it probably
(fontspec)             doesn't exist).


Package fontspec Info: Font family 'MicrosoftYaHei(0)' created for font
(fontspec)             'Microsoft YaHei' with options
(fontspec)             [Script={CJK},BoldFont={* Bold}].
(fontspec)              
(fontspec)              This font family consists of the following NFSS
(fontspec)             series/shapes:
(fontspec)              
(fontspec)             - 'normal' (m/n) with NFSS spec.: <->"Microsoft
(fontspec)             YaHei/OT:script=hani;language=dflt;"
(fontspec)             - 'small caps'  (m/sc) with NFSS spec.: 
(fontspec)             - 'bold' (b/n) with NFSS spec.: <->"Microsoft YaHei
(fontspec)             Bold/OT:script=hani;language=dflt;"
(fontspec)             - 'bold small caps'  (b/sc) with NFSS spec.: 
(fontspec)             - 'bold italic' (b/it) with NFSS spec.: <->"Microsoft
(fontspec)             YaHei/BI/OT:script=hani;language=dflt;"
(fontspec)             - 'bold italic small caps'  (b/scit) with NFSS spec.: 


Package fontspec Info: Could not resolve font "FangSong/BI" (it probably
(fontspec)             doesn't exist).


Package fontspec Info: Could not resolve font "FangSong/B" (it probably
(fontspec)             doesn't exist).


Package fontspec Info: Could not resolve font "FangSong/I" (it probably
(fontspec)             doesn't exist).


Package fontspec Info: Font family 'FangSong(0)' created for font 'FangSong'
(fontspec)             with options [Script={CJK}].
(fontspec)              
(fontspec)              This font family consists of the following NFSS
(fontspec)             series/shapes:
(fontspec)              
(fontspec)             - 'normal' (m/n) with NFSS spec.:
(fontspec)             <->"FangSong/OT:script=hani;language=dflt;"
(fontspec)             - 'small caps'  (m/sc) with NFSS spec.: 

LaTeX Font Info:    Font shape `TU/lmtt/bx/n' in size <10.95> not available
(Font)              Font shape `TU/lmtt/b/n' tried instead on input line 80.


LaTeX Warning: Reference `LastPage' on page 2 undefined on input line 93.

[2]

LaTeX Warning: Reference `LastPage' on page 3 undefined on input line 129.

[3

]

LaTeX Warning: Reference `LastPage' on page 4 undefined on input line 158.

[4

] (./problems-xelatex.aux)

LaTeX Warning: There were undefined references.


LaTeX Warning: Label(s) may have changed. Rerun to get cross-references right.

 ) 
Here is how much of TeX's memory you used:
 12071 strings out of 476179
 279135 string characters out of 5813072
 635626 words of memory out of 5000000
 32621 multiletter control sequences out of 15000+600000
 475949 words of font info for 96 fonts, out of 8000000 for 9000
 1348 hyphenation exceptions out of 8191
 70i,8n,88p,308b,452s stack positions out of 10000i,1000n,20000p,200000b,200000s

Output written on problems-xelatex.pdf (4 pages).
